[2026-03-17 12:10:43,721][root][INFO] - 
benchmark:
  name: Pusher
  n_tot: 300
  N_init: 100
  N_max: 280
  delta: 0.2
  dim: 14
  M: 14
  target_dim_init: 1
  lb:
  - -5.0
  - -5.0
  - -10.0
  - -10.0
  - 2.0
  - 0.0
  - -5.0
  - -5.0
  - -10.0
  - -10.0
  - 2.0
  - 0.0
  - -5.0
  - -5.0
  ub:
  - 5.0
  - 5.0
  - 10.0
  - 10.0
  - 30.0
  - 6.283185307179586
  - 5.0
  - 5.0
  - 10.0
  - 10.0
  - 30.0
  - 6.283185307179586
  - 5.0
  - 5.0
  params:
    random: false
    center: true
    init: null
  fn:
    _target_: src.benchmark.push_function.Push_RL
  mujoco:
    binary_path: null
    apptainer_sif_path: null
seed: 2
device: cpu

